# JRE version: OpenJDK Runtime Environment Temurin-17.0.7+7 (17.0.7+7) (build 17.0.7+7)
# Java VM: OpenJDK 64-Bit Server VM Temurin-17.0.7+7 (17.0.7+7, mixed mode, sharing, tiered, compressed oops, compressed class ptrs, g1 gc, windows-amd64)
GC Precious Log:
 CPUs: 4 total, 4 available
 Memory: 8101M
 Large Page Support: Disabled
 NUMA Support: Disabled
 Compressed Oops: Enabled (Zero based)
 Heap Region Size: 2M
 Heap Min Capacity: 512M
 Heap Initial Capacity: 512M
 Heap Max Capacity: 4072M
 Pre-touch: Disabled
 Parallel Workers: 4
 Concurrent Workers: 1
 Concurrent Refinement Workers: 4
 Periodic GC: Disabled
 String Deduplication is enabled
Heap:
 garbage-first heap   total 524288K, used 114004K [0x0000000701800000, 0x0000000800000000)
  region size 2048K, 22 young (45056K), 1 survivors (2048K)
 Metaspace       used 88272K, committed 89408K, reserved 1179648K
  class space    used 11700K, committed 12224K, reserved 1048576K
GC Heap History (20 events):
Event: 6255.792 GC heap before
{Heap before GC invocations=642 (full 515):
 garbage-first heap   total 524288K, used 75265K [0x0000000701800000, 0x0000000800000000)
  region size 2048K, 1 young (2048K), 0 survivors (0K)
 Metaspace       used 88179K, committed 89408K, reserved 1179648K
  class space    used 11687K, committed 12224K, reserved 1048576K
}
Event: 6255.950 GC heap after
{Heap after GC invocations=643 (full 516):
 garbage-first heap   total 524288K, used 71166K [0x0000000701800000, 0x0000000800000000)
  region size 2048K, 0 young (0K), 0 survivors (0K)
 Metaspace       used 88179K, committed 89408K, reserved 1179648K
  class space    used 11687K, committed 12224K, reserved 1048576K
}
Event: 6256.125 GC heap before
{Heap before GC invocations=643 (full 516):
 garbage-first heap   total 524288K, used 77310K [0x0000000701800000, 0x0000000800000000)
  region size 2048K, 1 young (2048K), 0 survivors (0K)
 Metaspace       used 88179K, committed 89408K, reserved 1179648K
  class space    used 11687K, committed 12224K, reserved 1048576K
}
Event: 6256.298 GC heap after
{Heap after GC invocations=644 (full 517):
 garbage-first heap   total 524288K, used 71170K [0x0000000701800000, 0x0000000800000000)
  region size 2048K, 0 young (0K), 0 survivors (0K)
 Metaspace       used 88179K, committed 89408K, reserved 1179648K
  class space    used 11687K, committed 12224K, reserved 1048576K
}
Event: 6256.462 GC heap before
{Heap before GC invocations=644 (full 517):
 garbage-first heap   total 524288K, used 75266K [0x0000000701800000, 0x0000000800000000)
  region size 2048K, 1 young (2048K), 0 survivors (0K)
 Metaspace       used 88179K, committed 89408K, reserved 1179648K
  class space    used 11687K, committed 12224K, reserved 1048576K
}
Event: 6256.625 GC heap after
{Heap after GC invocations=645 (full 518):
 garbage-first heap   total 524288K, used 71176K [0x0000000701800000, 0x0000000800000000)
  region size 2048K, 0 young (0K), 0 survivors (0K)
 Metaspace       used 88179K, committed 89408K, reserved 1179648K
  class space    used 11687K, committed 12224K, reserved 1048576K
}
Event: 6256.775 GC heap before
{Heap before GC invocations=645 (full 518):
 garbage-first heap   total 524288K, used 75272K [0x0000000701800000, 0x0000000800000000)
  region size 2048K, 1 young (2048K), 0 survivors (0K)
 Metaspace       used 88179K, committed 89408K, reserved 1179648K
  class space    used 11687K, committed 12224K, reserved 1048576K
}
Event: 6256.915 GC heap after
{Heap after GC invocations=646 (full 519):
 garbage-first heap   total 524288K, used 71178K [0x0000000701800000, 0x0000000800000000)
  region size 2048K, 0 young (0K), 0 survivors (0K)
 Metaspace       used 88179K, committed 89408K, reserved 1179648K
  class space    used 11687K, committed 12224K, reserved 1048576K
}
Event: 6257.046 GC heap before
{Heap before GC invocations=646 (full 519):
 garbage-first heap   total 524288K, used 77322K [0x0000000701800000, 0x0000000800000000)
  region size 2048K, 2 young (4096K), 0 survivors (0K)
 Metaspace       used 88179K, committed 89408K, reserved 1179648K
  class space    used 11687K, committed 12224K, reserved 1048576K
}
Event: 6257.148 GC heap after
{Heap after GC invocations=647 (full 520):
 garbage-first heap   total 524288K, used 71213K [0x0000000701800000, 0x0000000800000000)
  region size 2048K, 0 young (0K), 0 survivors (0K)
 Metaspace       used 88179K, committed 89408K, reserved 1179648K
  class space    used 11687K, committed 12224K, reserved 1048576K
}
Event: 6269.799 GC heap before
{Heap before GC invocations=647 (full 520):
 garbage-first heap   total 524288K, used 81453K [0x0000000701800000, 0x0000000800000000)
  region size 2048K, 6 young (12288K), 0 survivors (0K)
 Metaspace       used 88179K, committed 89408K, reserved 1179648K
  class space    used 11687K, committed 12224K, reserved 1048576K
}
Event: 6269.948 GC heap after
{Heap after GC invocations=648 (full 521):
 garbage-first heap   total 524288K, used 71294K [0x0000000701800000, 0x0000000800000000)
  region size 2048K, 0 young (0K), 0 survivors (0K)
 Metaspace       used 88179K, committed 89408K, reserved 1179648K
  class space    used 11687K, committed 12224K, reserved 1048576K
}
Event: 6316.331 GC heap before
{Heap before GC invocations=648 (full 521):
 garbage-first heap   total 524288K, used 153214K [0x0000000701800000, 0x0000000800000000)
  region size 2048K, 40 young (81920K), 0 survivors (0K)
 Metaspace       used 88193K, committed 89408K, reserved 1179648K
  class space    used 11687K, committed 12224K, reserved 1048576K
}
Event: 6316.344 GC heap after
{Heap after GC invocations=649 (full 521):
 garbage-first heap   total 524288K, used 71909K [0x0000000701800000, 0x0000000800000000)
  region size 2048K, 1 young (2048K), 1 survivors (2048K)
 Metaspace       used 88193K, committed 89408K, reserved 1179648K
  class space    used 11687K, committed 12224K, reserved 1048576K
}
Event: 6343.771 GC heap before
{Heap before GC invocations=649 (full 521):
 garbage-first heap   total 524288K, used 151781K [0x0000000701800000, 0x0000000800000000)
  region size 2048K, 40 young (81920K), 1 survivors (2048K)
 Metaspace       used 88199K, committed 89408K, reserved 1179648K
  class space    used 11689K, committed 12224K, reserved 1048576K
}
Event: 6343.773 GC heap after
{Heap after GC invocations=650 (full 521):
 garbage-first heap   total 524288K, used 71851K [0x0000000701800000, 0x0000000800000000)
  region size 2048K, 1 young (2048K), 1 survivors (2048K)
 Metaspace       used 88199K, committed 89408K, reserved 1179648K
  class space    used 11689K, committed 12224K, reserved 1048576K
}
Event: 6348.753 GC heap before
{Heap before GC invocations=650 (full 521):
 garbage-first heap   total 524288K, used 151723K [0x0000000701800000, 0x0000000800000000)
  region size 2048K, 40 young (81920K), 1 survivors (2048K)
 Metaspace       used 88243K, committed 89408K, reserved 1179648K
  class space    used 11696K, committed 12224K, reserved 1048576K
}
Event: 6348.757 GC heap after
{Heap after GC invocations=651 (full 521):
 garbage-first heap   total 524288K, used 72775K [0x0000000701800000, 0x0000000800000000)
  region size 2048K, 1 young (2048K), 1 survivors (2048K)
 Metaspace       used 88243K, committed 89408K, reserved 1179648K
  class space    used 11696K, committed 12224K, reserved 1048576K
}
Event: 6356.477 GC heap before
{Heap before GC invocations=651 (full 521):
 garbage-first heap   total 524288K, used 152647K [0x0000000701800000, 0x0000000800000000)
  region size 2048K, 40 young (81920K), 1 survivors (2048K)
 Metaspace       used 88269K, committed 89408K, reserved 1179648K
  class space    used 11700K, committed 12224K, reserved 1048576K
}
Event: 6356.481 GC heap after
{Heap after GC invocations=652 (full 521):
 garbage-first heap   total 524288K, used 73044K [0x0000000701800000, 0x0000000800000000)
  region size 2048K, 1 young (2048K), 1 survivors (2048K)
 Metaspace       used 88269K, committed 89408K, reserved 1179648K
  class space    used 11700K, committed 12224K, reserved 1048576K
}

