# JRE version: OpenJDK Runtime Environment Temurin-17.0.7+7 (17.0.7+7) (build 17.0.7+7)
# Java VM: OpenJDK 64-Bit Server VM Temurin-17.0.7+7 (17.0.7+7, mixed mode, sharing, tiered, compressed oops, compressed class ptrs, g1 gc, windows-amd64)
GC Precious Log:
 CPUs: 4 total, 4 available
 Memory: 8101M
 Large Page Support: Disabled
 NUMA Support: Disabled
 Compressed Oops: Enabled (Zero based)
 Heap Region Size: 2M
 Heap Min Capacity: 512M
 Heap Initial Capacity: 512M
 Heap Max Capacity: 4072M
 Pre-touch: Disabled
 Parallel Workers: 4
 Concurrent Workers: 1
 Concurrent Refinement Workers: 4
 Periodic GC: Disabled
 String Deduplication is enabled
Heap:
 garbage-first heap   total 524288K, used 85590K [0x0000000701800000, 0x0000000800000000)
  region size 2048K, 10 young (20480K), 1 survivors (2048K)
 Metaspace       used 80260K, committed 81728K, reserved 1179648K
  class space    used 10832K, committed 11392K, reserved 1048576K
GC Heap History (20 events):
Event: 12685.118 GC heap before
{Heap before GC invocations=115 (full 7):
 garbage-first heap   total 524288K, used 149035K [0x0000000701800000, 0x0000000800000000)
  region size 2048K, 40 young (81920K), 1 survivors (2048K)
 Metaspace       used 80229K, committed 81728K, reserved 1179648K
  class space    used 10831K, committed 11392K, reserved 1048576K
}
Event: 12685.121 GC heap after
{Heap after GC invocations=116 (full 7):
 garbage-first heap   total 524288K, used 69092K [0x0000000701800000, 0x0000000800000000)
  region size 2048K, 1 young (2048K), 1 survivors (2048K)
 Metaspace       used 80229K, committed 81728K, reserved 1179648K
  class space    used 10831K, committed 11392K, reserved 1048576K
}
Event: 12735.055 GC heap before
{Heap before GC invocations=116 (full 7):
 garbage-first heap   total 524288K, used 148964K [0x0000000701800000, 0x0000000800000000)
  region size 2048K, 40 young (81920K), 1 survivors (2048K)
 Metaspace       used 80233K, committed 81728K, reserved 1179648K
  class space    used 10831K, committed 11392K, reserved 1048576K
}
Event: 12735.059 GC heap after
{Heap after GC invocations=117 (full 7):
 garbage-first heap   total 524288K, used 69158K [0x0000000701800000, 0x0000000800000000)
  region size 2048K, 1 young (2048K), 1 survivors (2048K)
 Metaspace       used 80233K, committed 81728K, reserved 1179648K
  class space    used 10831K, committed 11392K, reserved 1048576K
}
Event: 12757.862 GC heap before
{Heap before GC invocations=117 (full 7):
 garbage-first heap   total 524288K, used 149030K [0x0000000701800000, 0x0000000800000000)
  region size 2048K, 40 young (81920K), 1 survivors (2048K)
 Metaspace       used 80236K, committed 81728K, reserved 1179648K
  class space    used 10831K, committed 11392K, reserved 1048576K
}
Event: 12757.865 GC heap after
{Heap after GC invocations=118 (full 7):
 garbage-first heap   total 524288K, used 69117K [0x0000000701800000, 0x0000000800000000)
  region size 2048K, 1 young (2048K), 1 survivors (2048K)
 Metaspace       used 80236K, committed 81728K, reserved 1179648K
  class space    used 10831K, committed 11392K, reserved 1048576K
}
Event: 12906.217 GC heap before
{Heap before GC invocations=118 (full 7):
 garbage-first heap   total 524288K, used 148989K [0x0000000701800000, 0x0000000800000000)
  region size 2048K, 40 young (81920K), 1 survivors (2048K)
 Metaspace       used 80236K, committed 81728K, reserved 1179648K
  class space    used 10831K, committed 11392K, reserved 1048576K
}
Event: 12906.221 GC heap after
{Heap after GC invocations=119 (full 7):
 garbage-first heap   total 524288K, used 69524K [0x0000000701800000, 0x0000000800000000)
  region size 2048K, 1 young (2048K), 1 survivors (2048K)
 Metaspace       used 80236K, committed 81728K, reserved 1179648K
  class space    used 10831K, committed 11392K, reserved 1048576K
}
Event: 12933.689 GC heap before
{Heap before GC invocations=119 (full 7):
 garbage-first heap   total 524288K, used 149396K [0x0000000701800000, 0x0000000800000000)
  region size 2048K, 40 young (81920K), 1 survivors (2048K)
 Metaspace       used 80247K, committed 81728K, reserved 1179648K
  class space    used 10831K, committed 11392K, reserved 1048576K
}
Event: 12933.691 GC heap after
{Heap after GC invocations=120 (full 7):
 garbage-first heap   total 524288K, used 69234K [0x0000000701800000, 0x0000000800000000)
  region size 2048K, 1 young (2048K), 1 survivors (2048K)
 Metaspace       used 80247K, committed 81728K, reserved 1179648K
  class space    used 10831K, committed 11392K, reserved 1048576K
}
Event: 12999.539 GC heap before
{Heap before GC invocations=120 (full 7):
 garbage-first heap   total 524288K, used 149106K [0x0000000701800000, 0x0000000800000000)
  region size 2048K, 40 young (81920K), 1 survivors (2048K)
 Metaspace       used 80247K, committed 81728K, reserved 1179648K
  class space    used 10831K, committed 11392K, reserved 1048576K
}
Event: 12999.542 GC heap after
{Heap after GC invocations=121 (full 7):
 garbage-first heap   total 524288K, used 69249K [0x0000000701800000, 0x0000000800000000)
  region size 2048K, 1 young (2048K), 1 survivors (2048K)
 Metaspace       used 80247K, committed 81728K, reserved 1179648K
  class space    used 10831K, committed 11392K, reserved 1048576K
}
Event: 13007.149 GC heap before
{Heap before GC invocations=121 (full 7):
 garbage-first heap   total 524288K, used 149121K [0x0000000701800000, 0x0000000800000000)
  region size 2048K, 40 young (81920K), 1 survivors (2048K)
 Metaspace       used 80247K, committed 81728K, reserved 1179648K
  class space    used 10831K, committed 11392K, reserved 1048576K
}
Event: 13007.153 GC heap after
{Heap after GC invocations=122 (full 7):
 garbage-first heap   total 524288K, used 69197K [0x0000000701800000, 0x0000000800000000)
  region size 2048K, 1 young (2048K), 1 survivors (2048K)
 Metaspace       used 80247K, committed 81728K, reserved 1179648K
  class space    used 10831K, committed 11392K, reserved 1048576K
}
Event: 13088.497 GC heap before
{Heap before GC invocations=122 (full 7):
 garbage-first heap   total 524288K, used 149069K [0x0000000701800000, 0x0000000800000000)
  region size 2048K, 40 young (81920K), 1 survivors (2048K)
 Metaspace       used 80253K, committed 81728K, reserved 1179648K
  class space    used 10831K, committed 11392K, reserved 1048576K
}
Event: 13088.501 GC heap after
{Heap after GC invocations=123 (full 7):
 garbage-first heap   total 524288K, used 69409K [0x0000000701800000, 0x0000000800000000)
  region size 2048K, 1 young (2048K), 1 survivors (2048K)
 Metaspace       used 80253K, committed 81728K, reserved 1179648K
  class space    used 10831K, committed 11392K, reserved 1048576K
}
Event: 13176.179 GC heap before
{Heap before GC invocations=123 (full 7):
 garbage-first heap   total 524288K, used 149281K [0x0000000701800000, 0x0000000800000000)
  region size 2048K, 40 young (81920K), 1 survivors (2048K)
 Metaspace       used 80257K, committed 81728K, reserved 1179648K
  class space    used 10832K, committed 11392K, reserved 1048576K
}
Event: 13176.182 GC heap after
{Heap after GC invocations=124 (full 7):
 garbage-first heap   total 524288K, used 69451K [0x0000000701800000, 0x0000000800000000)
  region size 2048K, 1 young (2048K), 1 survivors (2048K)
 Metaspace       used 80257K, committed 81728K, reserved 1179648K
  class space    used 10832K, committed 11392K, reserved 1048576K
}
Event: 13185.759 GC heap before
{Heap before GC invocations=124 (full 7):
 garbage-first heap   total 524288K, used 149323K [0x0000000701800000, 0x0000000800000000)
  region size 2048K, 40 young (81920K), 1 survivors (2048K)
 Metaspace       used 80257K, committed 81728K, reserved 1179648K
  class space    used 10832K, committed 11392K, reserved 1048576K
}
Event: 13185.762 GC heap after
{Heap after GC invocations=125 (full 7):
 garbage-first heap   total 524288K, used 69206K [0x0000000701800000, 0x0000000800000000)
  region size 2048K, 1 young (2048K), 1 survivors (2048K)
 Metaspace       used 80257K, committed 81728K, reserved 1179648K
  class space    used 10832K, committed 11392K, reserved 1048576K
}

