# JRE version: OpenJDK Runtime Environment Temurin-17.0.7+7 (17.0.7+7) (build 17.0.7+7)
# Java VM: OpenJDK 64-Bit Server VM Temurin-17.0.7+7 (17.0.7+7, mixed mode, sharing, tiered, compressed oops, compressed class ptrs, g1 gc, windows-amd64)
GC Precious Log:
 CPUs: 4 total, 4 available
 Memory: 8101M
 Large Page Support: Disabled
 NUMA Support: Disabled
 Compressed Oops: Enabled (Zero based)
 Heap Region Size: 2M
 Heap Min Capacity: 512M
 Heap Initial Capacity: 512M
 Heap Max Capacity: 4072M
 Pre-touch: Disabled
 Parallel Workers: 4
 Concurrent Workers: 1
 Concurrent Refinement Workers: 4
 Periodic GC: Disabled
 String Deduplication is enabled
Heap:
 garbage-first heap   total 524288K, used 123893K [0x0000000701800000, 0x0000000800000000)
  region size 2048K, 25 young (51200K), 2 survivors (4096K)
 Metaspace       used 89092K, committed 89536K, reserved 1179648K
  class space    used 11805K, committed 12032K, reserved 1048576K
GC Heap History (20 events):
Event: 153753.241 GC heap before
{Heap before GC invocations=577 (full 118):
 garbage-first heap   total 524288K, used 156515K [0x0000000701800000, 0x0000000800000000)
  region size 2048K, 40 young (81920K), 2 survivors (4096K)
 Metaspace       used 89071K, committed 89536K, reserved 1179648K
  class space    used 11805K, committed 12032K, reserved 1048576K
}
Event: 153753.248 GC heap after
{Heap after GC invocations=578 (full 118):
 garbage-first heap   total 524288K, used 78837K [0x0000000701800000, 0x0000000800000000)
  region size 2048K, 2 young (4096K), 2 survivors (4096K)
 Metaspace       used 89071K, committed 89536K, reserved 1179648K
  class space    used 11805K, committed 12032K, reserved 1048576K
}
Event: 153800.851 GC heap before
{Heap before GC invocations=578 (full 118):
 garbage-first heap   total 524288K, used 156661K [0x0000000701800000, 0x0000000800000000)
  region size 2048K, 40 young (81920K), 2 survivors (4096K)
 Metaspace       used 89071K, committed 89536K, reserved 1179648K
  class space    used 11805K, committed 12032K, reserved 1048576K
}
Event: 153800.878 GC heap after
{Heap after GC invocations=579 (full 118):
 garbage-first heap   total 524288K, used 79025K [0x0000000701800000, 0x0000000800000000)
  region size 2048K, 3 young (6144K), 3 survivors (6144K)
 Metaspace       used 89071K, committed 89536K, reserved 1179648K
  class space    used 11805K, committed 12032K, reserved 1048576K
}
Event: 153839.801 GC heap before
{Heap before GC invocations=579 (full 118):
 garbage-first heap   total 524288K, used 154801K [0x0000000701800000, 0x0000000800000000)
  region size 2048K, 40 young (81920K), 3 survivors (6144K)
 Metaspace       used 89071K, committed 89536K, reserved 1179648K
  class space    used 11805K, committed 12032K, reserved 1048576K
}
Event: 153839.821 GC heap after
{Heap after GC invocations=580 (full 118):
 garbage-first heap   total 524288K, used 78837K [0x0000000701800000, 0x0000000800000000)
  region size 2048K, 2 young (4096K), 2 survivors (4096K)
 Metaspace       used 89071K, committed 89536K, reserved 1179648K
  class space    used 11805K, committed 12032K, reserved 1048576K
}
Event: 153848.194 GC heap before
{Heap before GC invocations=580 (full 118):
 garbage-first heap   total 524288K, used 156661K [0x0000000701800000, 0x0000000800000000)
  region size 2048K, 40 young (81920K), 2 survivors (4096K)
 Metaspace       used 89071K, committed 89536K, reserved 1179648K
  class space    used 11805K, committed 12032K, reserved 1048576K
}
Event: 153848.215 GC heap after
{Heap after GC invocations=581 (full 118):
 garbage-first heap   total 524288K, used 79030K [0x0000000701800000, 0x0000000800000000)
  region size 2048K, 3 young (6144K), 3 survivors (6144K)
 Metaspace       used 89071K, committed 89536K, reserved 1179648K
  class space    used 11805K, committed 12032K, reserved 1048576K
}
Event: 153858.395 GC heap before
{Heap before GC invocations=581 (full 118):
 garbage-first heap   total 524288K, used 154806K [0x0000000701800000, 0x0000000800000000)
  region size 2048K, 40 young (81920K), 3 survivors (6144K)
 Metaspace       used 89071K, committed 89536K, reserved 1179648K
  class space    used 11805K, committed 12032K, reserved 1048576K
}
Event: 153858.401 GC heap after
{Heap after GC invocations=582 (full 118):
 garbage-first heap   total 524288K, used 78837K [0x0000000701800000, 0x0000000800000000)
  region size 2048K, 2 young (4096K), 2 survivors (4096K)
 Metaspace       used 89071K, committed 89536K, reserved 1179648K
  class space    used 11805K, committed 12032K, reserved 1048576K
}
Event: 153877.322 GC heap before
{Heap before GC invocations=582 (full 118):
 garbage-first heap   total 524288K, used 156661K [0x0000000701800000, 0x0000000800000000)
  region size 2048K, 40 young (81920K), 2 survivors (4096K)
 Metaspace       used 89071K, committed 89536K, reserved 1179648K
  class space    used 11805K, committed 12032K, reserved 1048576K
}
Event: 153877.347 GC heap after
{Heap after GC invocations=583 (full 118):
 garbage-first heap   total 524288K, used 79029K [0x0000000701800000, 0x0000000800000000)
  region size 2048K, 3 young (6144K), 3 survivors (6144K)
 Metaspace       used 89071K, committed 89536K, reserved 1179648K
  class space    used 11805K, committed 12032K, reserved 1048576K
}
Event: 153904.412 GC heap before
{Heap before GC invocations=583 (full 118):
 garbage-first heap   total 524288K, used 154805K [0x0000000701800000, 0x0000000800000000)
  region size 2048K, 40 young (81920K), 3 survivors (6144K)
 Metaspace       used 89071K, committed 89536K, reserved 1179648K
  class space    used 11805K, committed 12032K, reserved 1048576K
}
Event: 153904.419 GC heap after
{Heap after GC invocations=584 (full 118):
 garbage-first heap   total 524288K, used 79225K [0x0000000701800000, 0x0000000800000000)
  region size 2048K, 3 young (6144K), 3 survivors (6144K)
 Metaspace       used 89071K, committed 89536K, reserved 1179648K
  class space    used 11805K, committed 12032K, reserved 1048576K
}
Event: 153916.715 GC heap before
{Heap before GC invocations=584 (full 118):
 garbage-first heap   total 524288K, used 155001K [0x0000000701800000, 0x0000000800000000)
  region size 2048K, 40 young (81920K), 3 survivors (6144K)
 Metaspace       used 89071K, committed 89536K, reserved 1179648K
  class space    used 11805K, committed 12032K, reserved 1048576K
}
Event: 153916.730 GC heap after
{Heap after GC invocations=585 (full 118):
 garbage-first heap   total 524288K, used 79033K [0x0000000701800000, 0x0000000800000000)
  region size 2048K, 3 young (6144K), 3 survivors (6144K)
 Metaspace       used 89071K, committed 89536K, reserved 1179648K
  class space    used 11805K, committed 12032K, reserved 1048576K
}
Event: 153928.871 GC heap before
{Heap before GC invocations=585 (full 118):
 garbage-first heap   total 524288K, used 154809K [0x0000000701800000, 0x0000000800000000)
  region size 2048K, 40 young (81920K), 3 survivors (6144K)
 Metaspace       used 89078K, committed 89536K, reserved 1179648K
  class space    used 11805K, committed 12032K, reserved 1048576K
}
Event: 153928.891 GC heap after
{Heap after GC invocations=586 (full 118):
 garbage-first heap   total 524288K, used 78837K [0x0000000701800000, 0x0000000800000000)
  region size 2048K, 2 young (4096K), 2 survivors (4096K)
 Metaspace       used 89078K, committed 89536K, reserved 1179648K
  class space    used 11805K, committed 12032K, reserved 1048576K
}
Event: 153937.431 GC heap before
{Heap before GC invocations=586 (full 118):
 garbage-first heap   total 524288K, used 156661K [0x0000000701800000, 0x0000000800000000)
  region size 2048K, 40 young (81920K), 2 survivors (4096K)
 Metaspace       used 89084K, committed 89536K, reserved 1179648K
  class space    used 11805K, committed 12032K, reserved 1048576K
}
Event: 153937.440 GC heap after
{Heap after GC invocations=587 (full 118):
 garbage-first heap   total 524288K, used 78837K [0x0000000701800000, 0x0000000800000000)
  region size 2048K, 2 young (4096K), 2 survivors (4096K)
 Metaspace       used 89084K, committed 89536K, reserved 1179648K
  class space    used 11805K, committed 12032K, reserved 1048576K
}

